[debug] [2024-11-21T05:22:02.909Z] : 
[debug] [2024-11-21T05:22:02.910Z] : ----------------------------------------------------------------------
[debug] [2024-11-21T05:22:02.910Z] : Command:      C:\Program Files\nodejs\node.exe C:\Users\Vigneshwaran\AppData\Roaming\npm\node_modules\zcatalyst-cli\lib\bin\catalyst.js deploy
[debug] [2024-11-21T05:22:02.910Z] : CLI Version:  1.17.6
[debug] [2024-11-21T05:22:02.911Z] : Platform:     win32
[debug] [2024-11-21T05:22:02.911Z] : Node Version: v20.17.0
[debug] [2024-11-21T05:22:02.911Z] : Time:         Thu Nov 21 2024 10:52:02 GMT+0530 (India Standard Time)
[debug] [2024-11-21T05:22:02.911Z] : ----------------------------------------------------------------------
[debug] [2024-11-21T05:22:02.911Z] : 
[debug] [2024-11-21T05:22:03.454Z] : > authorizing via signed-in user option
[debug] [2024-11-21T05:22:03.455Z] : > command requires scopes: ["ZohoCatalyst.projects.ALL","ZohoCatalyst.functions.ALL","ZohoCatalyst.webapp.ALL","ZohoCatalyst.appsail.Update"]
[debug] [2024-11-21T05:22:03.464Z] : >>>> HTTP REQUEST : GET https://api.catalyst.zoho.in/baas/v1/project/6947000000008001 

[debug] [2024-11-21T05:22:03.929Z] : <<<< HTTP RESPONSE : 200
Response Headers: {"server":"ZGS","date":"Thu, 21 Nov 2024 05:22:18 GMT","content-type":"application/vnd.catalyst.v2+json","transfer-encoding":"chunked","connection":"keep-alive","set-cookie":["zalb_3a750b85f1=99131cfabfda186b4fe68a16fb8fedd6; Path=/; Secure; HttpOnly","ZD_CSRF_TOKEN=76d0db78-f8f3-48d5-84a8-fba27ab549bb;path=/;SameSite=None;Secure;priority=high","_zcsr_tmp=76d0db78-f8f3-48d5-84a8-fba27ab549bb;path=/;SameSite=Strict;Secure;priority=high"],"x-content-type-options":"nosniff","x-xss-protection":"1","cache-control":"private,no-cache,no-store,max-age=0,must-revalidate","pragma":"no-cache","expires":"Thu, 01 Jan 1970 00:00:00 GMT","x-frame-options":"DENY","strict-transport-security":"max-age=63072000"}

[debug] [2024-11-21T05:22:03.939Z] : >>>> HTTP REQUEST : GET https://api.catalyst.zoho.in/baas/v1/project/6947000000008001/environment 

[debug] [2024-11-21T05:22:04.127Z] : <<<< HTTP RESPONSE : 200
Response Headers: {"server":"ZGS","date":"Thu, 21 Nov 2024 05:22:18 GMT","content-type":"application/vnd.catalyst.v2+json","transfer-encoding":"chunked","connection":"keep-alive","set-cookie":["zalb_3a750b85f1=7c58023b2365c117e2ff9b6feb09efa2; Path=/; Secure; HttpOnly","ZD_CSRF_TOKEN=25bc0955-7d0e-496b-a160-288e964ba8bb;path=/;SameSite=None;Secure;priority=high","_zcsr_tmp=25bc0955-7d0e-496b-a160-288e964ba8bb;path=/;SameSite=Strict;Secure;priority=high"],"x-content-type-options":"nosniff","x-xss-protection":"1","cache-control":"private,no-cache,no-store,max-age=0,must-revalidate","pragma":"no-cache","expires":"Thu, 01 Jan 1970 00:00:00 GMT","x-frame-options":"DENY","strict-transport-security":"max-age=63072000"}

[debug] [2024-11-21T05:25:06.097Z] : [Error: EMFILE: too many open files, open 'C:\Users\Vigneshwaran\Desktop\socialmediahosting\frontend\node_modules\date-fns\yearsToQuarters.mjs'] {
  errno: -4066,
  code: 'EMFILE',
  syscall: 'open',
  path: 'C:\\Users\\Vigneshwaran\\Desktop\\socialmediahosting\\frontend\\node_modules\\date-fns\\yearsToQuarters.mjs'
}
[warn] [2024-11-21T05:25:06.099Z] : ‼ Deploy of AppSail [AppSail] was unsuccessful since EMFILE: too many open files, open 'C:\Users\Vigneshwaran\Desktop\socialmediahosting\frontend\node_modules\date-fns\yearsToQuarters.mjs'
[info] [2024-11-21T05:25:06.101Z] : 
[error] [2024-11-21T05:25:06.102Z] : × appsail: deploy skipped
[info] [2024-11-21T05:25:06.102Z] : 
[error] [2024-11-21T05:25:06.103Z] : × No components deployed!
[debug] [2024-11-21T05:25:06.104Z] : NO ERRORS REGISTERED
[debug] [2024-11-21T05:25:06.104Z] : EXEC ENDED with event: deploy, message: success
[debug] [2024-11-21T05:25:06.104Z] : TOTAL DURATION OF COMMAND EXEC : 182657
[debug] [2024-11-21T05:25:06.105Z] : Unable to send debug log to server: EMFILE: too many open files, open 'C:\Users\Vigneshwaran\AppData\Roaming\zcatalyst-cli-nodejs\Config\zcatalyst-cli.json'
